[15:25:51] [main/WARN] (FabricLoader/Knot) Class path entries reference missing files: C:\Users\Kai\Desktop\MinecraftModProjects\TrainerAttributesLib\build\classes\java\client, C:\Users\Kai\Desktop\MinecraftModProjects\TrainerAttributesLib\build\classes\java\main - the game may not load properly!
[15:25:51] [main/INFO] (FabricLoader/GameProvider) Loading Minecraft 1.21.1 with Fabric Loader 0.18.1
[15:25:51] [main/INFO] (FabricLoader) Loading 59 mods:
	- accessories 1.1.0-beta.52+1.21.1
	- cobblemon 1.7.3+1.21.1
	- fabric-api 0.116.7+1.21.1
	- fabric-api-base 0.4.42+6573ed8c19
	- fabric-api-lookup-api-v1 1.6.71+b559734419
	- fabric-biome-api-v1 13.0.31+d527f9fd19
	- fabric-block-api-v1 1.1.0+0bc3503219
	- fabric-block-view-api-v2 1.0.11+ebb2264e19
	- fabric-blockrenderlayer-v1 1.1.52+0af3f5a719
	- fabric-client-tags-api-v1 1.1.15+6573ed8c19
	- fabric-command-api-v1 1.2.49+f71b366f19
	- fabric-command-api-v2 2.2.28+6ced4dd919
	- fabric-commands-v0 0.2.66+df3654b319
	- fabric-content-registries-v0 8.0.19+b559734419
	- fabric-convention-tags-v1 2.1.5+7f945d5b19
	- fabric-convention-tags-v2 2.11.1+a406e79519
	- fabric-crash-report-info-v1 0.2.29+0af3f5a719
	- fabric-data-attachment-api-v1 1.4.5+6116a37819
	- fabric-data-generation-api-v1 20.2.34+37516cd619
	- fabric-dimensions-v1 4.0.1+65213ef819
	- fabric-entity-events-v1 1.8.0+2b27e0a419
	- fabric-events-interaction-v0 0.7.13+ba9dae0619
	- fabric-game-rule-api-v1 1.0.53+6ced4dd919
	- fabric-gametest-api-v1 2.0.5+6fc22b9919
	- fabric-item-api-v1 11.2.0+3b3cb2e819
	- fabric-item-group-api-v1 4.1.7+def88e3a19
	- fabric-key-binding-api-v1 1.0.47+0af3f5a719
	- fabric-keybindings-v0 0.2.45+df3654b319
	- fabric-language-kotlin 1.13.7+kotlin.2.2.21
	- fabric-lifecycle-events-v1 2.6.0+0865547519
	- fabric-loot-api-v2 3.0.15+3f89f5a519
	- fabric-loot-api-v3 1.0.3+3f89f5a519
	- fabric-message-api-v1 6.0.14+8aaf3aca19
	- fabric-model-loading-api-v1 2.1.0+b4d813fc19
	- fabric-networking-api-v1 4.3.0+c7469b2119
	- fabric-object-builder-api-v1 15.2.1+40875a9319
	- fabric-particles-v1 4.0.2+6573ed8c19
	- fabric-recipe-api-v1 5.0.15+2475392c19
	- fabric-registry-sync-v0 5.3.1+e3eddc2119
	- fabric-renderer-api-v1 3.4.1+b4d813fc19
	- fabric-renderer-indigo 1.7.1+c705a49c19
	- fabric-renderer-registries-v1 3.2.69+df3654b319
	- fabric-rendering-data-attachment-v1 0.3.49+73761d2e19
	- fabric-rendering-fluids-v1 3.1.6+1daea21519
	- fabric-rendering-v0 1.1.72+df3654b319
	- fabric-rendering-v1 5.1.0+ab4c25a019
	- fabric-resource-conditions-api-v1 4.3.0+8dc279b119
	- fabric-resource-loader-v0 1.3.1+5b5275af19
	- fabric-screen-api-v1 2.0.25+8b68f1c719
	- fabric-screen-handler-api-v1 1.3.90+b559734419
	- fabric-sound-api-v1 1.0.23+6573ed8c19
	- fabric-transfer-api-v1 5.4.3+c24bd99419
	- fabric-transitive-access-wideners-v1 6.2.0+45b9699719
	- fabricloader 0.18.1
	- java 21
	- minecraft 1.21.1
	- mixinextras 0.5.0
	- owo 0.12.15.4+1.21
	- trainerattributeslib 1.7.3-1.0.2
[15:25:52] [main/INFO] (FabricLoader/Mixin) SpongePowered MIXIN Subsystem Version=0.8.7 Source=file:/C:/Users/Kai/.gradle/caches/modules-2/files-2.1/net.fabricmc/sponge-mixin/0.16.5+mixin.0.8.7/80fc3a9f592673cea87f4cd702f87991c6c9fe4d/sponge-mixin-0.16.5+mixin.0.8.7.jar Service=Knot/Fabric Env=CLIENT
[15:25:52] [main/INFO] (FabricLoader/Mixin) Loaded Fabric development mappings for mixin remapper!
[15:25:52] [main/INFO] (FabricLoader/Mixin) Compatibility level set to JAVA_17
[15:25:52] [main/INFO] (FabricLoader/Mixin) Compatibility level set to JAVA_21
[15:25:52] [main/WARN] (FabricLoader/Mixin) Error loading class: juuxel/adorn/block/variant/BlockVariantSets (java.lang.ClassNotFoundException: juuxel/adorn/block/variant/BlockVariantSets)
[15:25:52] [main/WARN] (FabricLoader/Mixin) @Mixin target juuxel.adorn.block.variant.BlockVariantSets was not found mixins.cobblemon-common.json:invoker.AdornRegisterInvoker from mod cobblemon
[15:25:52] [main/WARN] (FabricLoader/Mixin) Error loading class: xyz/nucleoid/server/translations/impl/language/SystemDelegatedLanguage (java.lang.ClassNotFoundException: xyz/nucleoid/server/translations/impl/language/SystemDelegatedLanguage)
[15:25:53] [main/INFO] (FabricLoader/MixinExtras|Service) Initializing MixinExtras via com.llamalad7.mixinextras.service.MixinExtrasServiceImpl(version=0.5.0).
[15:25:54] [Datafixer Bootstrap/INFO] (Minecraft) 226 Datafixer optimizations took 385 milliseconds
[15:25:59] [Render thread/WARN] (FabricLoader/Mixin) Error loading class: org/quiltmc/loader/impl/game/minecraft/Hooks (java.lang.ClassNotFoundException: org/quiltmc/loader/impl/game/minecraft/Hooks)
[15:26:00] [Render thread/INFO] (Minecraft) Environment: Environment[sessionHost=https://sessionserver.mojang.com, servicesHost=https://api.minecraftservices.com, name=PROD]
[15:26:00] [Render thread/INFO] (Minecraft) Setting user: Player68
[15:26:00] [Render thread/INFO] (DataLoaderBase) Registering Listeners!
[15:26:00] [Render thread/INFO] (Cobblemon) Booting LaxPermissionValidator, permissions will be checked using Minecrafts permission level system, see https://minecraft.fandom.com/wiki/Permission_level
[15:26:00] [Render thread/INFO] (Cobblemon) Launching Cobblemon 1.7.3 
[15:26:01] [Render thread/ERROR] (Minecraft) No data fixer registered for cobblemon:pokemon
[15:26:01] [Render thread/ERROR] (Minecraft) No data fixer registered for cobblemon:empty_pokeball
[15:26:01] [Render thread/ERROR] (Minecraft) No data fixer registered for cobblemon:boat
[15:26:01] [Render thread/ERROR] (Minecraft) No data fixer registered for cobblemon:chest_boat
[15:26:01] [Render thread/ERROR] (Minecraft) No data fixer registered for cobblemon:poke_bobber
[15:26:01] [Render thread/ERROR] (Minecraft) No data fixer registered for cobblemon:generic_bedrock
[15:26:01] [Render thread/ERROR] (Minecraft) No data fixer registered for cobblemon:npc
[15:26:02] [Render thread/INFO] (Cobblemon) Starting the Best Spawner...
[15:26:02] [Render thread/INFO] (Cobblemon) Loaded 7 spawning condition types.
[15:26:02] [Render thread/INFO] (Cobblemon) Loaded 6 spawnable position types.
[15:26:02] [Render thread/INFO] (Cobblemon) Loaded 3 spawn detail types.
[15:26:02] [Cobblemon Showdown/INFO] (Cobblemon) Starting showdown service...
[15:26:04] [Cobblemon Showdown/INFO] (Cobblemon) Showdown has been started!
[15:26:04] [Render thread/INFO] (Cobblemon) Note: Cobblemon data registries are only loaded once per server instance as Pokémon species are not safe to reload.
[15:26:04] [Render thread/INFO] (Cobblemon) Registered the cobblemon:molang registry
[15:26:04] [Render thread/INFO] (Cobblemon) Registered the cobblemon:species_features registry
[15:26:04] [Render thread/INFO] (Cobblemon) Registered the cobblemon:global_species_features registry
[15:26:04] [Render thread/INFO] (Cobblemon) Registered the cobblemon:species_feature_assignments registry
[15:26:04] [Render thread/INFO] (Cobblemon) Registered the cobblemon:action_effects registry
[15:26:04] [Render thread/INFO] (Cobblemon) Registered the cobblemon:moves registry
[15:26:04] [Render thread/INFO] (Cobblemon) Registered the cobblemon:abilities registry
[15:26:04] [Render thread/INFO] (Cobblemon) Registered the cobblemon:behaviours registry
[15:26:04] [Render thread/INFO] (Cobblemon) Registered the cobblemon:species registry
[15:26:04] [Render thread/INFO] (Cobblemon) Registered the cobblemon:species_additions registry
[15:26:04] [Render thread/INFO] (Cobblemon) Registered the cobblemon:pokeballs registry
[15:26:04] [Render thread/INFO] (Cobblemon) Registered the cobblemon:properties_tab_completion registry
[15:26:04] [Render thread/INFO] (Cobblemon) Registered the cobblemon:spawn_detail_presets registry
[15:26:04] [Render thread/INFO] (Cobblemon) Registered the cobblemon:spawn_rules registry
[15:26:04] [Render thread/INFO] (Cobblemon) Registered the cobblemon:mechanics registry
[15:26:04] [Render thread/INFO] (Cobblemon) Registered the cobblemon:bag_items registry
[15:26:04] [Render thread/INFO] (Cobblemon) Registered the cobblemon:held_items registry
[15:26:04] [Render thread/INFO] (Cobblemon) Registered the cobblemon:dialogues registry
[15:26:04] [Render thread/INFO] (Cobblemon) Registered the cobblemon:natural_materials registry
[15:26:04] [Render thread/INFO] (Cobblemon) Registered the cobblemon:fossils registry
[15:26:04] [Render thread/INFO] (Cobblemon) Registered the cobblemon:npc_preset registry
[15:26:04] [Render thread/INFO] (Cobblemon) Registered the cobblemon:npc registry
[15:26:04] [Render thread/INFO] (Cobblemon) Registered the cobblemon:dex_entries registry
[15:26:04] [Render thread/INFO] (Cobblemon) Registered the cobblemon:dex_entry_additions registry
[15:26:04] [Render thread/INFO] (Cobblemon) Registered the cobblemon:dexes registry
[15:26:04] [Render thread/INFO] (Cobblemon) Registered the cobblemon:dex_additions registry
[15:26:04] [Render thread/INFO] (Cobblemon) Registered the cobblemon:cosmetic_items registry
[15:26:04] [Render thread/INFO] (Cobblemon) Registered the cobblemon:callbacks registry
[15:26:04] [Render thread/INFO] (Cobblemon) Registered the cobblemon:unlockable_pc_box_wallpapers registry
[15:26:04] [Render thread/INFO] (Cobblemon) Registered the cobblemon:marks registry
[15:26:04] [Render thread/INFO] (Cobblemon) Registered the cobblemon:starters registry
[15:26:04] [Render thread/INFO] (Cobblemon) Registered the cobblemon:spawn_pool_world registry
[15:26:04] [Render thread/INFO] (Cobblemon) Registered the cobblemon:pokerods registry
[15:26:04] [Render thread/INFO] (Cobblemon) Registered the cobblemon:berries registry
[15:26:04] [Render thread/INFO] (Cobblemon) Registered the cobblemon:seasonings registry
[15:26:04] [Render thread/INFO] (Cobblemon) Registered the cobblemon:pokemon_interactions registry
[15:26:04] [Render thread/INFO] (Cobblemon) Registered the cobblemon:spawn_bait_effects registry
[15:26:04] [Render thread/INFO] (Cobblemon) Registered the cobblemon:ride_settings registry
[15:26:05] [Render thread/INFO] (owo) Don't trust naschhorn, the Master of Taglocks, around you or your bed
[15:26:05] [Render thread/INFO] (Cobblemon) Initializing Cobblemon client
[15:26:05] [Render thread/INFO] (Cobblemon) Registering Pokémon renderer
[15:26:05] [Render thread/INFO] (Cobblemon) Registering PokéBall renderer
[15:26:05] [Render thread/INFO] (Cobblemon) Registering Boat renderer
[15:26:05] [Render thread/INFO] (Cobblemon) Registering Boat with Chest renderer
[15:26:05] [Render thread/INFO] (Cobblemon) Registering Generic Bedrock renderer
[15:26:05] [Render thread/INFO] (Cobblemon) Registering Generic Bedrock Entity renderer
[15:26:05] [Render thread/INFO] (Cobblemon) Registering PokeRod Bobber renderer
[15:26:05] [Render thread/INFO] (Cobblemon) Registering NPC renderer
[15:26:05] [Render thread/INFO] (Cobblemon) Registering custom BuiltinItemRenderers
[15:26:05] [Render thread/INFO] (Indigo) [Indigo] Registering Indigo renderer!
[15:26:05] [Render thread/WARN] (FabricLoader) getRootPath access for fabric-recipe-api-v1 5.0.15+2475392c19 with multiple paths, returning only one which may incur unexpected behavior!
[15:26:05] [Render thread/WARN] (FabricLoader) getRootPath access for fabric-screen-handler-api-v1 1.3.90+b559734419 with multiple paths, returning only one which may incur unexpected behavior!
[15:26:05] [Render thread/WARN] (FabricLoader) getRootPath access for minecraft 1.21.1 with multiple paths, returning only one which may incur unexpected behavior!
[15:26:05] [Render thread/WARN] (FabricLoader) getRootPath access for fabric-lifecycle-events-v1 2.6.0+0865547519 with multiple paths, returning only one which may incur unexpected behavior!
[15:26:05] [Render thread/WARN] (FabricLoader) getRootPath access for fabric-game-rule-api-v1 1.0.53+6ced4dd919 with multiple paths, returning only one which may incur unexpected behavior!
[15:26:05] [Render thread/WARN] (FabricLoader) getRootPath access for fabric-particles-v1 4.0.2+6573ed8c19 with multiple paths, returning only one which may incur unexpected behavior!
[15:26:05] [Render thread/WARN] (FabricLoader) getRootPath access for fabric-object-builder-api-v1 15.2.1+40875a9319 with multiple paths, returning only one which may incur unexpected behavior!
[15:26:05] [Render thread/WARN] (FabricLoader) getRootPath access for fabric-registry-sync-v0 5.3.1+e3eddc2119 with multiple paths, returning only one which may incur unexpected behavior!
[15:26:05] [Render thread/WARN] (FabricLoader) getRootPath access for fabric-transfer-api-v1 5.4.3+c24bd99419 with multiple paths, returning only one which may incur unexpected behavior!
[15:26:05] [Render thread/WARN] (FabricLoader) getRootPath access for fabric-command-api-v2 2.2.28+6ced4dd919 with multiple paths, returning only one which may incur unexpected behavior!
[15:26:05] [Render thread/WARN] (FabricLoader) getRootPath access for fabric-item-group-api-v1 4.1.7+def88e3a19 with multiple paths, returning only one which may incur unexpected behavior!
[15:26:05] [Render thread/WARN] (FabricLoader) getRootPath access for fabric-data-generation-api-v1 20.2.34+37516cd619 with multiple paths, returning only one which may incur unexpected behavior!
[15:26:05] [Render thread/WARN] (FabricLoader) getRootPath access for fabric-events-interaction-v0 0.7.13+ba9dae0619 with multiple paths, returning only one which may incur unexpected behavior!
[15:26:05] [Render thread/WARN] (FabricLoader) getRootPath access for trainerattributeslib 1.7.3-1.0.2 with multiple paths, returning only one which may incur unexpected behavior!
[15:26:05] [Render thread/WARN] (FabricLoader) getRootPath access for fabric-data-attachment-api-v1 1.4.5+6116a37819 with multiple paths, returning only one which may incur unexpected behavior!
[15:26:05] [Render thread/WARN] (FabricLoader) getRootPath access for fabric-networking-api-v1 4.3.0+c7469b2119 with multiple paths, returning only one which may incur unexpected behavior!
[15:26:05] [Render thread/WARN] (FabricLoader) getRootPath access for fabric-item-api-v1 11.2.0+3b3cb2e819 with multiple paths, returning only one which may incur unexpected behavior!
[15:26:05] [Render thread/WARN] (FabricLoader) getRootPath access for fabric-block-view-api-v2 1.0.11+ebb2264e19 with multiple paths, returning only one which may incur unexpected behavior!
[15:26:05] [Render thread/WARN] (FabricLoader) getRootPath access for fabric-rendering-fluids-v1 3.1.6+1daea21519 with multiple paths, returning only one which may incur unexpected behavior!
[15:26:05] [Render thread/WARN] (FabricLoader) getRootPath access for fabric-message-api-v1 6.0.14+8aaf3aca19 with multiple paths, returning only one which may incur unexpected behavior!
[15:26:05] [Render thread/WARN] (FabricLoader) getRootPath access for fabric-entity-events-v1 1.8.0+2b27e0a419 with multiple paths, returning only one which may incur unexpected behavior!
[15:26:05] [Render thread/WARN] (FabricLoader) getRootPath access for fabric-rendering-data-attachment-v1 0.3.49+73761d2e19 with multiple paths, returning only one which may incur unexpected behavior!
[15:26:05] [Render thread/WARN] (FabricLoader) getRootPath access for fabric-resource-loader-v0 1.3.1+5b5275af19 with multiple paths, returning only one which may incur unexpected behavior!
[15:26:05] [Render thread/INFO] (owo) Services frozen by 'net.minecraft.client.MinecraftClient'
[15:26:06] [Render thread/INFO] (Minecraft) Backend library: LWJGL version 3.3.3-snapshot
[15:26:07] [Render thread/INFO] (Minecraft) Reloading ResourceManager: vanilla, fabric, accessories, cobblemon, fabric-api, fabric-api-base, fabric-api-lookup-api-v1, fabric-biome-api-v1, fabric-block-api-v1, fabric-block-view-api-v2, fabric-blockrenderlayer-v1, fabric-client-tags-api-v1, fabric-command-api-v1, fabric-command-api-v2, fabric-commands-v0, fabric-content-registries-v0, fabric-convention-tags-v1, fabric-convention-tags-v2, fabric-crash-report-info-v1, fabric-data-attachment-api-v1, fabric-data-generation-api-v1, fabric-dimensions-v1, fabric-entity-events-v1, fabric-events-interaction-v0, fabric-game-rule-api-v1, fabric-gametest-api-v1, fabric-item-api-v1, fabric-item-group-api-v1, fabric-key-binding-api-v1, fabric-keybindings-v0, fabric-language-kotlin, fabric-lifecycle-events-v1, fabric-loot-api-v2, fabric-loot-api-v3, fabric-message-api-v1, fabric-model-loading-api-v1, fabric-networking-api-v1, fabric-object-builder-api-v1, fabric-particles-v1, fabric-recipe-api-v1, fabric-registry-sync-v0, fabric-renderer-api-v1, fabric-renderer-indigo, fabric-renderer-registries-v1, fabric-rendering-data-attachment-v1, fabric-rendering-fluids-v1, fabric-rendering-v0, fabric-rendering-v1, fabric-resource-conditions-api-v1, fabric-resource-loader-v0, fabric-screen-api-v1, fabric-screen-handler-api-v1, fabric-sound-api-v1, fabric-transfer-api-v1, fabric-transitive-access-wideners-v1, fabricloader, owo, trainerattributeslib, cobblemon:regionbiasforms, cobblemon:gyaradosjump
[15:26:07] [Worker-Main-8/INFO] (Minecraft) Found unifont_all_no_pua-15.1.05.hex, loading
[15:26:07] [Worker-Main-11/ERROR] (ModNioResourcePack) Invalid path in mod resource-pack cobblemon: cobblemon:textures/particle/balls/LICENSE, ignoring
[15:26:07] [Worker-Main-11/ERROR] (ModNioResourcePack) Invalid path in mod resource-pack cobblemon: cobblemon:textures/particle/balls/timerball/LICENSE, ignoring
[15:26:07] [Worker-Main-11/ERROR] (ModNioResourcePack) Invalid path in mod resource-pack cobblemon: cobblemon:textures/particle/balls/timerball/battle/LICENSE, ignoring
[15:26:07] [Worker-Main-11/ERROR] (ModNioResourcePack) Invalid path in mod resource-pack cobblemon: cobblemon:textures/particle/balls/timerball/casual/LICENSE, ignoring
[15:26:07] [Worker-Main-11/ERROR] (ModNioResourcePack) Invalid path in mod resource-pack cobblemon: cobblemon:textures/particle/balls/ultraball/LICENSE, ignoring
[15:26:07] [Worker-Main-11/ERROR] (ModNioResourcePack) Invalid path in mod resource-pack cobblemon: cobblemon:textures/particle/balls/ultraball/battle/LICENSE, ignoring
[15:26:07] [Worker-Main-11/ERROR] (ModNioResourcePack) Invalid path in mod resource-pack cobblemon: cobblemon:textures/particle/balls/ultraball/casual/LICENSE, ignoring
[15:26:07] [Worker-Main-11/ERROR] (ModNioResourcePack) Invalid path in mod resource-pack cobblemon: cobblemon:textures/particle/generic/LICENSE, ignoring
[15:26:07] [Worker-Main-11/ERROR] (ModNioResourcePack) Invalid path in mod resource-pack cobblemon: cobblemon:textures/particle/generic/bubble/LICENSE, ignoring
[15:26:07] [Worker-Main-11/ERROR] (ModNioResourcePack) Invalid path in mod resource-pack cobblemon: cobblemon:textures/particle/generic/electricity/LICENSE, ignoring
[15:26:07] [Worker-Main-11/ERROR] (ModNioResourcePack) Invalid path in mod resource-pack cobblemon: cobblemon:textures/particle/generic/fire/LICENSE, ignoring
[15:26:07] [Worker-Main-11/ERROR] (ModNioResourcePack) Invalid path in mod resource-pack cobblemon: cobblemon:textures/particle/generic/goo/LICENSE, ignoring
[15:26:07] [Worker-Main-11/ERROR] (ModNioResourcePack) Invalid path in mod resource-pack cobblemon: cobblemon:textures/particle/generic/grass/LICENSE, ignoring
[15:26:07] [Worker-Main-11/ERROR] (ModNioResourcePack) Invalid path in mod resource-pack cobblemon: cobblemon:textures/particle/generic/ice/LICENSE, ignoring
[15:26:07] [Worker-Main-11/ERROR] (ModNioResourcePack) Invalid path in mod resource-pack cobblemon: cobblemon:textures/particle/generic/impact/LICENSE, ignoring
[15:26:07] [Worker-Main-11/ERROR] (ModNioResourcePack) Invalid path in mod resource-pack cobblemon: cobblemon:textures/particle/generic/mud/LICENSE, ignoring
[15:26:07] [Worker-Main-11/ERROR] (ModNioResourcePack) Invalid path in mod resource-pack cobblemon: cobblemon:textures/particle/generic/orb/LICENSE, ignoring
[15:26:07] [Worker-Main-11/ERROR] (ModNioResourcePack) Invalid path in mod resource-pack cobblemon: cobblemon:textures/particle/generic/psychic/LICENSE, ignoring
[15:26:07] [Worker-Main-11/ERROR] (ModNioResourcePack) Invalid path in mod resource-pack cobblemon: cobblemon:textures/particle/generic/ring/LICENSE, ignoring
[15:26:07] [Worker-Main-11/ERROR] (ModNioResourcePack) Invalid path in mod resource-pack cobblemon: cobblemon:textures/particle/generic/smoke/LICENSE, ignoring
[15:26:07] [Worker-Main-11/ERROR] (ModNioResourcePack) Invalid path in mod resource-pack cobblemon: cobblemon:textures/particle/generic/sparkle/LICENSE, ignoring
[15:26:07] [Worker-Main-11/ERROR] (ModNioResourcePack) Invalid path in mod resource-pack cobblemon: cobblemon:textures/particle/generic/status/LICENSE, ignoring
[15:26:07] [Worker-Main-11/ERROR] (ModNioResourcePack) Invalid path in mod resource-pack cobblemon: cobblemon:textures/particle/generic/water/LICENSE, ignoring
[15:26:07] [Worker-Main-11/ERROR] (ModNioResourcePack) Invalid path in mod resource-pack cobblemon: cobblemon:textures/particle/moves/LICENSE, ignoring
[15:26:07] [Worker-Main-11/ERROR] (ModNioResourcePack) Invalid path in mod resource-pack cobblemon: cobblemon:textures/particle/pokemon/0218_slugma/LICENSE, ignoring
[15:26:07] [Worker-Main-11/ERROR] (ModNioResourcePack) Invalid path in mod resource-pack cobblemon: cobblemon:textures/particle/pokemon/LICENSE, ignoring
[15:26:07] [Worker-Main-11/ERROR] (ModNioResourcePack) Invalid path in mod resource-pack cobblemon: cobblemon:textures/particle/request/LICENSE, ignoring
[15:26:07] [Worker-Main-11/ERROR] (ModNioResourcePack) Invalid path in mod resource-pack cobblemon: cobblemon:textures/particle/vanilla/LICENSE, ignoring
[15:26:07] [Worker-Main-1/WARN] (Minecraft) File cobblemon:sounds/pokemon/ponyta/galarian_ponyta_cry.ogg does not exist, cannot add it to event cobblemon:pokemon.ponyta_galar.cry
[15:26:07] [Worker-Main-10/INFO] (Minecraft) Found unifont_jp_patch-15.1.05.hex, loading
[15:26:08] [Worker-Main-2/WARN] (Minecraft) Texture cobblemon:block/decorative/cleanse_tag with size 8x8 limits mip level from 4 to 3
[15:26:08] [Worker-Main-2/WARN] (Minecraft) minecraft:textures/atlas/blocks.png: dropping miplevel from 4 to 3, because of minimum power of two: 8
[15:26:08] [Worker-Main-6/WARN] (Minecraft) Unable to load model: 'trainerattributeslib:item/mudkip_charm' referenced from: trainerattributeslib:item/mudkip_charm: java.io.FileNotFoundException: trainerattributeslib:models/item/mudkip_charm.json
[15:26:09] [Worker-Main-6/WARN] (Minecraft) Missing textures in model cobblemon:relic_coin_pouch#inventory:
    minecraft:textures/atlas/blocks.png:cobblemon:block/decorative_items/relic_coin_pouch
[15:26:09] [Render thread/WARN] (Minecraft) Missing sound for event: minecraft:item.goat_horn.play
[15:26:09] [Render thread/WARN] (Minecraft) Missing sound for event: minecraft:entity.goat.screaming.horn_break
[15:26:09] [Render thread/WARN] (Minecraft) Missing sound for event: cobblemon:ride.loop.leather
[15:26:09] [Render thread/WARN] (Minecraft) Missing sound for event: cobblemon:ride.loop.plumage
[15:26:09] [Render thread/INFO] (Minecraft) OpenAL initialized on device OpenAL Soft on Headset Earphone (4- CORSAIR VOID ELITE Wireless Gaming Dongle)
[15:26:09] [Render thread/INFO] (Minecraft) Sound engine started
[15:26:09] [Render thread/INFO] (Minecraft) Created: 2048x1024x3 minecraft:textures/atlas/blocks.png-atlas
[15:26:09] [Render thread/INFO] (Minecraft) Created: 256x256x4 minecraft:textures/atlas/signs.png-atlas
[15:26:09] [Render thread/INFO] (Minecraft) Created: 512x512x4 minecraft:textures/atlas/banner_patterns.png-atlas
[15:26:09] [Render thread/INFO] (Minecraft) Created: 512x512x4 minecraft:textures/atlas/shield_patterns.png-atlas
[15:26:09] [Render thread/INFO] (Minecraft) Created: 2048x1024x4 minecraft:textures/atlas/armor_trims.png-atlas
[15:26:09] [Render thread/INFO] (Minecraft) Created: 128x128x4 minecraft:textures/atlas/decorated_pot.png-atlas
[15:26:09] [Render thread/INFO] (Minecraft) Created: 256x256x4 minecraft:textures/atlas/chest.png-atlas
[15:26:09] [Render thread/INFO] (Minecraft) Created: 512x256x4 minecraft:textures/atlas/beds.png-atlas
[15:26:09] [Render thread/INFO] (Minecraft) Created: 512x256x4 minecraft:textures/atlas/shulker_boxes.png-atlas
[15:26:09] [Render thread/WARN] (FabricLoader/Mixin) Method overwrite conflict for getChildren in accessories-common.mixins.json:client.ModelPartAccessor from mod accessories, previously written by com.cobblemon.mod.common.mixin.client.ModelPartMixin. Skipping method.
[15:26:10] [Render thread/INFO] (Minecraft) Created: 4096x1024x0 minecraft:textures/atlas/particles.png-atlas
[15:26:10] [Render thread/INFO] (Minecraft) Created: 512x256x0 minecraft:textures/atlas/paintings.png-atlas
[15:26:10] [Render thread/INFO] (Minecraft) Created: 256x128x0 minecraft:textures/atlas/mob_effects.png-atlas
[15:26:10] [Render thread/INFO] (Minecraft) Created: 64x64x0 minecraft:textures/atlas/map_decorations.png-atlas
[15:26:10] [Render thread/INFO] (Minecraft) Created: 1024x1024x0 minecraft:textures/atlas/gui.png-atlas
[15:26:10] [Render thread/WARN] (Minecraft) Shader cobblemon:particle_add could not find sampler named Sampler2 in the specified shader program.
[15:26:10] [Render thread/WARN] (Minecraft) Shader cobblemon:particle_cutout could not find sampler named Sampler2 in the specified shader program.
[15:26:10] [Render thread/WARN] (Minecraft) Shader rendertype_entity_cutout could not find uniform named IViewRotMat in the specified shader program.
[15:26:10] [Render thread/WARN] (Minecraft) Shader rendertype_entity_translucent could not find uniform named IViewRotMat in the specified shader program.
[15:26:10] [Render thread/WARN] (Minecraft) Shader rendertype_entity_translucent_emissive could not find sampler named Sampler2 in the specified shader program.
[15:26:10] [Render thread/INFO] (Minecraft) Created: 128x128x0 cobblemon:textures/atlas/berries.png-atlas
[15:26:10] [Render thread/INFO] (Cobblemon) Loading assets...
[15:26:10] [Render thread/INFO] (Cobblemon) Loading particle effects...
[15:26:10] [Render thread/INFO] (Cobblemon) Loaded 968 particle effects
[15:26:10] [Render thread/INFO] (Cobblemon) Loading animations...
[15:26:12] [Render thread/INFO] (Cobblemon) Loaded 8805 animations from 975 animation groups
[15:26:12] [Render thread/INFO] (Cobblemon) Loading varying Bedrock assets...
[15:26:12] [Render thread/INFO] (Cobblemon) Loaded 1150 models.
[15:26:13] [Render thread/INFO] (Cobblemon) Loaded 1041 posers.
[15:26:13] [Render thread/INFO] (Cobblemon) Loaded 2756 variations.
[15:26:13] [Render thread/INFO] (Cobblemon) Loaded 72 berry models
[15:26:13] [Render thread/INFO] (Cobblemon) Loaded 5 misc models
[15:26:13] [Render thread/INFO] (Cobblemon) Loaded assets
[15:26:21] [Render thread/INFO] (Minecraft) Loaded 2040 recipes
[15:26:22] [Render thread/INFO] (Minecraft) Loaded 2152 advancements
[15:26:22] [Render thread/INFO] (Cobblemon) Loaded 10 server scripts and 1 client scripts
[15:26:24] [Render thread/INFO] (Cobblemon) Loaded 936 moves
[15:26:24] [Render thread/INFO] (Cobblemon) Loaded 314 abilities
[15:26:24] [Render thread/INFO] (Cobblemon) Loaded 48 entity behaviours
[15:26:25] [Render thread/INFO] (Cobblemon) Finished additions
[15:26:25] [cobblemon Datafixer Bootstrap/INFO] (Minecraft) 4 Datafixer optimizations took 3 milliseconds
[15:26:25] [Render thread/INFO] (Cobblemon) Loaded 1025 Pokémon species
[15:26:25] [Render thread/INFO] (Cobblemon) Loaded 28 spawn detail presets.
[15:26:25] [Render thread/INFO] (Cobblemon) Starting dummy Showdown battle to force it to pre-load data.
[15:26:26] [Render thread/INFO] (Cobblemon) Imported 266 held item IDs from showdown
[15:26:26] [Render thread/INFO] (Cobblemon) Loaded 15 fossils
[15:26:26] [Render thread/ERROR] (ModNioResourcePack) Invalid path in mod resource-pack cobblemon: cobblemon:dex_entry_additions/README.md, ignoring
[15:26:26] [Render thread/ERROR] (ModNioResourcePack) Invalid path in mod resource-pack cobblemon: cobblemon:dex_additions/README.md, ignoring
[15:26:26] [Render thread/INFO] (Cobblemon) Loaded 6 callbacks and 0 client callbacks
[15:26:26] [Render thread/INFO] (Cobblemon) Loaded 168 marks
[15:26:27] [Render thread/INFO] (Cobblemon) Loaded 70 berries
[15:26:27] [Render thread/INFO] (Cobblemon) Loaded 137 Pokémon interaction sets
[15:26:28] [Render thread/INFO] (BiomeModificationImpl) Applied 616 biome modifications to 64 of 64 new biomes in 8.937 ms
[15:26:28] [Server thread/INFO] (Minecraft) Starting integrated minecraft server version 1.21.1
[15:26:28] [Server thread/INFO] (Minecraft) Generating keypair
[15:26:29] [Server thread/INFO] (Minecraft) Preparing start region for dimension minecraft:overworld
[15:26:30] [Render thread/INFO] (Minecraft) Preparing spawn area: 0%
[15:26:30] [Render thread/INFO] (Minecraft) Time elapsed: 295 ms
[15:26:30] [Server thread/INFO] (Cobblemon) Optimizing spawn pools...
[15:26:30] [Server thread/WARN] (TranslationConventionLogWarnings) 
	Dev warning - Untranslated Item Tags detected. Please translate your item tags so other mods such as recipe viewers can properly display your tag's name.
	The format desired is tag.item.<namespace>.<path> for the translation key with slashes in path turned into periods.
	To disable this message, set this system property in your runs: `-Dfabric-tag-conventions-v2.missingTagTranslationWarning=SILENCED`.
	To see individual untranslated item tags found, set the system property to `-Dfabric-tag-conventions-v2.missingTagTranslationWarning=VERBOSE`.
	Default is `SHORT`.

[15:26:30] [Server thread/INFO] (Minecraft) Changing view distance to 12, from 10
[15:26:30] [Server thread/INFO] (Minecraft) Changing simulation distance to 12, from 0
[15:26:30] [Netty Server IO #1/INFO] (owo) [Handshake] Sending channel packet
[15:26:30] [Netty Local Client IO #0/INFO] (owo) [Handshake] Sending client channels
[15:26:30] [Netty Server IO #1/INFO] (owo) [Handshake] Receiving client channels
[15:26:30] [Netty Server IO #1/INFO] (owo) [Handshake] Handshake completed successfully
[15:26:30] [Server thread/INFO] (Minecraft) Player68[local:E:5fe5951c] logged in with entity id 5 at (-1645.0254838339652, 107.99055364063186, 3695.2981855354806)
[15:26:30] [Server thread/INFO] (owo) Sending server config values to client
[15:26:31] [Server thread/ERROR] (Cobblemon) .old File cobblemonplayerdata for a5319f57-56e8-315e-b8df-e2f59bce41c4 is corrupt or missing. Data is lost
[15:26:31] [Server thread/ERROR] (Cobblemon) .old File pokedex for a5319f57-56e8-315e-b8df-e2f59bce41c4 is corrupt or missing. Data is lost
[15:26:31] [Server thread/INFO] (Minecraft) Player68 joined the game
[15:26:31] [Server thread/INFO] (Minecraft) Player68 has made the advancement [The First of Many]
[15:26:31] [Render thread/WARN] (AccessoriesHolderImpl) It seems the given player has no slots bound to it within a init call, is that desired?
[15:26:31] [Render thread/INFO] (owo) Applying server overrides
[15:26:31] [Render thread/INFO] (owo) Responding with client values
[15:26:31] [Server thread/INFO] (owo) Receiving client config
[15:26:31] [Render thread/INFO] (Minecraft) [System] [CHAT] Player68 has made the advancement [The First of Many]
[15:26:31] [Render thread/INFO] (Minecraft) Loaded 19 advancements
[15:26:31] [Server thread/INFO] (Minecraft) Saving and pausing game...
[15:26:31] [Server thread/INFO] (Minecraft) Saving chunks for level 'ServerLevel[fart buns]'/minecraft:overworld
[15:26:31] [Server thread/INFO] (Minecraft) Saving chunks for level 'ServerLevel[fart buns]'/minecraft:the_end
[15:26:31] [Server thread/INFO] (Minecraft) Saving chunks for level 'ServerLevel[fart buns]'/minecraft:the_nether
[15:27:04] [Server thread/INFO] (Minecraft) [STDOUT]: HA CHANCE -> 0.25, (true)
[15:27:04] [Server thread/INFO] (Minecraft) Player68 has made the advancement [A New Friend!]
[15:27:04] [Render thread/INFO] (Minecraft) [System] [CHAT] Player68 has made the advancement [A New Friend!]
[15:27:04] [Render thread/INFO] (Minecraft) Loaded 24 advancements
[15:27:14] [Render thread/INFO] (Minecraft) [System] [CHAT] You have not yet selected a starter, but have already received a Pokémon. To select your starter, place all your Pokémon in a PC and then press "M".
[15:27:24] [Server thread/INFO] (Minecraft) [STDOUT]: HA CHANCE -> 0.25, (false)
[15:27:26] [Server thread/INFO] (Minecraft) Saving and pausing game...
[15:27:26] [Server thread/INFO] (Minecraft) Saving chunks for level 'ServerLevel[fart buns]'/minecraft:overworld
[15:27:26] [Server thread/INFO] (Minecraft) Saving chunks for level 'ServerLevel[fart buns]'/minecraft:the_end
[15:27:26] [Server thread/INFO] (Minecraft) Saving chunks for level 'ServerLevel[fart buns]'/minecraft:the_nether
[15:27:27] [Server thread/INFO] (Minecraft) Player68 lost connection: Disconnected
[15:27:27] [Server thread/INFO] (Minecraft) Player68 left the game
[15:27:27] [Server thread/INFO] (Minecraft) Stopping singleplayer server as player logged out
[15:27:27] [Server thread/INFO] (Minecraft) Stopping server
[15:27:27] [Server thread/INFO] (Minecraft) Saving players
[15:27:27] [Server thread/INFO] (Minecraft) Saving worlds
[15:27:27] [Server thread/INFO] (Minecraft) Saving chunks for level 'ServerLevel[fart buns]'/minecraft:overworld
[15:27:27] [Server thread/INFO] (Minecraft) Saving chunks for level 'ServerLevel[fart buns]'/minecraft:the_end
[15:27:27] [Server thread/INFO] (Minecraft) Saving chunks for level 'ServerLevel[fart buns]'/minecraft:the_nether
[15:27:27] [Server thread/INFO] (Minecraft) ThreadedAnvilChunkStorage (fart buns): All chunks are saved
[15:27:27] [Server thread/INFO] (Minecraft) ThreadedAnvilChunkStorage (DIM1): All chunks are saved
[15:27:27] [Server thread/INFO] (Minecraft) ThreadedAnvilChunkStorage (DIM-1): All chunks are saved
[15:27:27] [Server thread/INFO] (Minecraft) ThreadedAnvilChunkStorage: All dimensions are saved
[15:27:28] [Render thread/INFO] (Minecraft) Stopping!
